Log file open, 08/15/18 02:15:56
LogWindows: Failed to load 'aqProf.dll' (GetLastError=126)
LogWindows: File 'aqProf.dll' does not exist
LogWindows: Failed to load 'VSPerf140.dll' (GetLastError=126)
LogWindows: File 'VSPerf140.dll' does not exist
LogWindows: Failed to load 'VtuneApi.dll' (GetLastError=126)
LogWindows: File 'VtuneApi.dll' does not exist
LogWindows: Failed to load 'VtuneApi32e.dll' (GetLastError=126)
LogWindows: File 'VtuneApi32e.dll' does not exist
LogInit: Display: Running engine for game: NaveProj2
LogPlatformFile: Not using cached read wrapper
LogInit: Display: RandInit(1193934885) SRandInit(1193934885).
LogTaskGraph: Started task graph with 5 named threads and 14 total threads with 3 sets of task threads.
LogStats: Stats thread started at 3.286387
LogD3D11RHI: Aftermath initialized
LogPluginManager: Mounting plugin Paper2D
LogPluginManager: Mounting plugin LightPropagationVolume
LogPluginManager: Mounting plugin FacialAnimation
LogPluginManager: Mounting plugin CharacterAI
LogPluginManager: Mounting plugin HTML5Networking
LogPluginManager: Mounting plugin AvfMedia
LogPluginManager: Mounting plugin ImgMedia
LogPluginManager: Mounting plugin MediaCompositing
LogPluginManager: Mounting plugin WmfMedia
LogPluginManager: Mounting plugin TcpMessaging
LogPluginManager: Mounting plugin UdpMessaging
LogPluginManager: Mounting plugin ActorSequence
LogPluginManager: Mounting plugin OnlineSubsystem
LogPluginManager: Mounting plugin OnlineSubsystemNull
LogPluginManager: Mounting plugin OnlineSubsystemUtils
LogPluginManager: Mounting plugin AndroidPermission
LogPluginManager: Mounting plugin AppleARKit
LogPluginManager: Mounting plugin ArchVisCharacter
LogPluginManager: Mounting plugin CableComponent
LogPluginManager: Mounting plugin CustomMeshComponent
LogPluginManager: Mounting plugin ExampleDeviceProfileSelector
LogPluginManager: Mounting plugin ImmediatePhysics
LogPluginManager: Mounting plugin LocationServicesBPLibrary
LogPluginManager: Mounting plugin MobilePatchingUtils
LogPluginManager: Mounting plugin OculusVR
LogPluginManager: Mounting plugin PhysXVehicles
LogPluginManager: Mounting plugin ProceduralMeshComponent
LogPluginManager: Mounting plugin RuntimePhysXCooking
LogPluginManager: Mounting plugin SteamVR
LogPluginManager: Mounting plugin WindowsMoviePlayer
LogInit: Using libcurl 7.47.1
LogInit:  - built for x86_64-pc-win32
LogInit:  - supports SSL with OpenSSL/1.0.2g
LogInit:  - supports HTTP deflate (compression) using libz 1.2.8
LogInit:  - other features:
LogInit:      CURL_VERSION_SSL
LogInit:      CURL_VERSION_LIBZ
LogInit:      CURL_VERSION_IPV6
LogInit:      CURL_VERSION_ASYNCHDNS
LogInit:      CURL_VERSION_LARGEFILE
LogInit:      CURL_VERSION_IDN
LogInit:  CurlRequestOptions (configurable via config and command line):
LogInit:  - bVerifyPeer = false  - Libcurl will NOT verify peer certificate
LogInit:  - bUseHttpProxy = false  - Libcurl will NOT use HTTP proxy
LogInit:  - bDontReuseConnections = false  - Libcurl will reuse connections
LogInit:  - CertBundlePath = nullptr  - Libcurl will use whatever was configured at build time.
LogInit: Build: ++UE4+Release-4.18-CL-3754814
LogInit: Engine Version: 4.18.1-3754814+++UE4+Release-4.18
LogInit: Compatible Engine Version: 4.18.0-3709383+++UE4+Release-4.18
LogInit: Net CL: 3709383
LogDevObjectVersion: Number of dev versions registered: 16
LogDevObjectVersion:   Dev-Blueprints (B0D832E4-1F89-4F0D-ACCF-7EB736FD4AA2): 10
LogDevObjectVersion:   Dev-Build (E1C64328-A22C-4D53-A36C-8E866417BD8C): 0
LogDevObjectVersion:   Dev-Core (375EC13C-06E4-48FB-B500-84F0262A717E): 2
LogDevObjectVersion:   Dev-Editor (E4B068ED-F494-42E9-A231-DA0B2E46BB41): 20
LogDevObjectVersion:   Dev-Framework (CFFC743F-43B0-4480-9391-14DF171D2073): 30
LogDevObjectVersion:   Dev-Mobile (B02B49B5-BB20-44E9-A304-32B752E40360): 0
LogDevObjectVersion:   Dev-Networking (A4E4105C-59A1-49B5-A7C5-40C4547EDFEE): 0
LogDevObjectVersion:   Dev-Online (39C831C9-5AE6-47DC-9A44-9C173E1C8E7C): 0
LogDevObjectVersion:   Dev-Physics (78F01B33-EBEA-4F98-B9B4-84EACCB95AA2): 0
LogDevObjectVersion:   Dev-Platform (6631380F-2D4D-43E0-8009-CF276956A95A): 0
LogDevObjectVersion:   Dev-Rendering (12F88B9F-8875-4AFC-A67C-D90C383ABD29): 20
LogDevObjectVersion:   Dev-Sequencer (7B5AE74C-D270-4C10-A958-57980B212A5A): 4
LogDevObjectVersion:   Dev-VR (D7296918-1DD6-4BDD-9DE2-64A83CC13884): 0
LogDevObjectVersion:   Dev-LoadTimes (C2A15278-BFE7-4AFE-6C17-90FF531DF755): 1
LogDevObjectVersion:   Private-Geometry (6EACA3D4-40EC-4CC1-B786-8BED09428FC5): 1
LogDevObjectVersion:   Dev-AnimPhys (29E575DD-E0A3-4627-9D10-D276232CDCEA): 12
LogInit: Compiled (64-bit): Nov 14 2017 02:09:00
LogInit: Compiled with Visual C++: 19.00.24215.01
LogInit: Build Configuration: Development
LogInit: Branch Name: ++UE4+Release-4.18
LogInit: Command line:  
LogInit: Base directory: C:/Users/MaTT/Desktop/WindowsNoEditor/Engine/Binaries/Win64/
LogInit: Installed Engine Build: 0
LogInit: Presizing for max 2097152 objects, including 0 objects not considered by GC, pre-allocating 0 bytes for permanent pool.
LogStreaming: Display: Async Loading initialized: Event Driven Loader: true, Async Loading Thread: false
LogInit: Object subsystem initialized
[2018.08.15-05.15.56:612][  0]LogInit: Selected Device Profile: [WindowsNoEditor]
[2018.08.15-05.15.56:612][  0]LogInit: Applying CVar settings loaded from the selected device profile: [WindowsNoEditor]
[2018.08.15-05.15.56:674][  0]LogInit: Computer: MATT
[2018.08.15-05.15.56:674][  0]LogInit: User: MaTT
[2018.08.15-05.15.56:674][  0]LogInit: CPU Page size=4096, Cores=4
[2018.08.15-05.15.56:674][  0]LogInit: High frequency timer resolution =2.533209 MHz
[2018.08.15-05.15.56:675][  0]LogMemory: Memory total: Physical=24.0GB (24GB approx)
[2018.08.15-05.15.56:675][  0]LogMemory: Platform Memory Stats for WindowsNoEditor
[2018.08.15-05.15.56:675][  0]LogMemory: Process Physical Memory: 162.25 MB used, 162.25 MB peak
[2018.08.15-05.15.56:675][  0]LogMemory: Process Virtual Memory: 105.93 MB used, 105.93 MB peak
[2018.08.15-05.15.56:675][  0]LogMemory: Physical Memory: 4267.16 MB used,  20257.94 MB free, 24525.10 MB total
[2018.08.15-05.15.56:675][  0]LogMemory: Virtual Memory: 4463.06 MB used,  20257.94 MB free, 134217728.00 MB total
[2018.08.15-05.16.00:308][  0]LogInit: Using OS detected language (pt-BR).
[2018.08.15-05.16.00:308][  0]LogInit: Using OS detected locale (pt-BR).
[2018.08.15-05.16.00:326][  0]LogTextLocalizationManager: No localization for 'pt-BR' exists, so 'en' will be used for the language.
[2018.08.15-05.16.00:326][  0]LogTextLocalizationManager: No localization for 'pt-BR' exists, so 'en' will be used for the locale.
[2018.08.15-05.16.01:467][  0]LogD3D11RHI: D3D11 adapters:
[2018.08.15-05.16.01:759][  0]LogD3D11RHI:    0. 'NVIDIA GeForce GTX 970M' (Feature Level 11_0)
[2018.08.15-05.16.01:759][  0]LogD3D11RHI:       3029/0/12262 MB DedicatedVideo/DedicatedSystem/SharedSystem, Outputs:1, VendorId:0x10de
[2018.08.15-05.16.01:761][  0]LogD3D11RHI:    1. 'Microsoft Basic Render Driver' (Feature Level 11_0)
[2018.08.15-05.16.01:761][  0]LogD3D11RHI:       0/0/12262 MB DedicatedVideo/DedicatedSystem/SharedSystem, Outputs:0, VendorId:0x1414
[2018.08.15-05.16.01:761][  0]LogD3D11RHI: Chosen D3D11 Adapter: 0
[2018.08.15-05.16.01:768][  0]LogD3D11RHI: Creating new Direct3DDevice
[2018.08.15-05.16.01:768][  0]LogD3D11RHI:     GPU DeviceId: 0x1618 (for the marketing name, search the web for "GPU Device Id")
[2018.08.15-05.16.01:768][  0]LogWindows: EnumDisplayDevices:
[2018.08.15-05.16.01:768][  0]LogWindows:    0. 'NVIDIA GeForce GTX 970M' (P:1 D:1)
[2018.08.15-05.16.01:768][  0]LogWindows:    1. 'NVIDIA GeForce GTX 970M' (P:0 D:0)
[2018.08.15-05.16.01:768][  0]LogWindows:    2. 'NVIDIA GeForce GTX 970M' (P:0 D:0)
[2018.08.15-05.16.01:769][  0]LogWindows:    3. 'NVIDIA GeForce GTX 970M' (P:0 D:0)
[2018.08.15-05.16.01:769][  0]LogWindows: DebugString: GetVideoDriverDetailsInvalid PrimaryIsNotTheChoosenAdapter GetVideoDriverDetailsInvalid PrimaryIsNotTheChoosenAdapter GetVideoDriverDetailsInvalid PrimaryIsNotTheChoosenAdapter GetVideoDriverDetailsInvalid PrimaryIsNotTheChoosenAdapter FoundDriverCount:0 
[2018.08.15-05.16.01:769][  0]LogD3D11RHI:     Adapter Name: NVIDIA GeForce GTX 970M
[2018.08.15-05.16.01:769][  0]LogD3D11RHI:   Driver Version: Unknown (internal:Unknown, unified:Unknown)
[2018.08.15-05.16.01:769][  0]LogD3D11RHI:      Driver Date: Unknown
[2018.08.15-05.16.01:769][  0]LogRHI: Texture pool is 2120 MB (70% of 3029 MB)
[2018.08.15-05.16.01:860][  0]LogD3D11RHI: Async texture creation enabled
[2018.08.15-05.16.02:116][  0]LogD3D11RHI: GPU Timing Frequency: 1000.000000 (Debug: 2 2)
[2018.08.15-05.16.02:390][  0]LogMaterial: Verifying Global Shaders for PCD3D_SM5
[2018.08.15-05.16.02:390][  0]LogSlate: Using Freetype 2.6.0
[2018.08.15-05.16.02:474][  0]LogSlate: SlateFontCache - WITH_FREETYPE: 1, WITH_HARFBUZZ: 1
[2018.08.15-05.16.02:474][  0]LogSlate: SlateFontCache - WITH_FREETYPE: 1, WITH_HARFBUZZ: 1
[2018.08.15-05.16.05:825][  0]LogAssetRegistry: FAssetRegistry took 0.0889 seconds to start up
[2018.08.15-05.16.05:963][  0]LogPackageLocalizationCache: Processed 7 localized package path(s) for 1 prioritized culture(s) in 0.006098 seconds
[2018.08.15-05.16.06:032][  0]LogInit: Selected Device Profile: [WindowsNoEditor]
[2018.08.15-05.16.06:481][  0]LogNetVersion: NaveProj2 , NetCL: 3709383, EngineNetVer: 2, GameNetVer: 0 (Checksum: 3898397226)
[2018.08.15-05.16.09:858][  0]LogInit: WinSock: version 1.1 (2.2), MaxSocks=32767, MaxUdp=65467
[2018.08.15-05.16.10:058][  0]LogMoviePlayer: Initializing movie player
[2018.08.15-05.16.10:118][  0]LogAndroidPermission: UAndroidPermissionCallbackProxy::GetInstance
[2018.08.15-05.16.10:118][  0]LogOcInput: OculusInput pre-init called
[2018.08.15-05.16.10:122][  0]LogUObjectArray: 31015 objects as part of root set at end of initial load.
[2018.08.15-05.16.10:122][  0]LogUObjectAllocator: 5802384 out of 0 bytes used by permanent object pool.
[2018.08.15-05.16.10:122][  0]LogUObjectArray: CloseDisregardForGC: 0/0 objects in disregard for GC pool
[2018.08.15-05.16.10:134][  0]LogEngine: Initializing Engine...
[2018.08.15-05.16.10:277][  0]LogHMD: Failed to initialize OpenVR with code 110
[2018.08.15-05.16.11:817][  0]LogStats: UGameplayTagsManager::ConstructGameplayTagTree: Construct from data asset -  0.000 s
[2018.08.15-05.16.11:817][  0]LogStats: UGameplayTagsManager::ConstructGameplayTagTree: GameplayTagTreeChangedEvent.Broadcast -  0.000 s
[2018.08.15-05.16.11:923][  0]LogInit: XAudio2 using 'Speakers (Realtek High Definition Audio)' : 2 channels at 48 kHz using 32 bits per sample (channel mask 0x3)
[2018.08.15-05.16.12:529][  0]LogInit: FAudioDevice initialized.
[2018.08.15-05.16.12:540][  0]LogInit: Texture streaming: Enabled
[2018.08.15-05.16.12:543][  0]LogInit: Display: Game Engine Initialized.
[2018.08.15-05.16.12:544][  0]LogGameplayTags: Display: UGameplayTagsManager::DoneAddingNativeTags. DelegateIsBound: 0
[2018.08.15-05.16.12:553][  0]LogInit: Display: Starting Game.
[2018.08.15-05.16.12:553][  0]LogNet: Browse: /Game/SideScrollerBP/Maps/MainMenuLevel?Name=Player
[2018.08.15-05.16.12:553][  0]LogLoad: LoadMap: /Game/SideScrollerBP/Maps/MainMenuLevel?Name=Player
[2018.08.15-05.16.15:610][  0]LogAIModule: Creating AISystem for world MainMenuLevel
[2018.08.15-05.16.15:610][  0]LogLoad: Game class is 'MainGameMode_C'
[2018.08.15-05.16.15:611][  0]LogWorld: Bringing World /Game/SideScrollerBP/Maps/MainMenuLevel.MainMenuLevel up for play (max tick rate 0) at 2018.08.15-02.16.15
[2018.08.15-05.16.15:612][  0]LogWorld: Bringing up level for play took: 0.000401
[2018.08.15-05.16.15:612][  0]LogGameMode: FindPlayerStart: PATHS NOT DEFINED or NO PLAYERSTART with positive rating
[2018.08.15-05.16.15:613][  0]LogUMG: Display: Widget Class MainMenu_C - Loaded Fast Template.
[2018.08.15-05.16.15:614][  0]LogLoad: Took 3.061277 seconds to LoadMap(/Game/SideScrollerBP/Maps/MainMenuLevel)
[2018.08.15-05.16.15:643][  0]LogLoad: (Engine Initialization) Total time: 26.95 seconds
[2018.08.15-05.16.15:643][  0]LogExternalProfiler: No external profilers were discovered.  External profiling features will not be available.
[2018.08.15-05.16.15:755][  0]LogRenderer: Reallocating scene render targets to support 1920x1080 Format 10 NumSamples 1 (Frame:1).
[2018.08.15-05.16.15:807][  0]LogContentStreaming: Texture pool size now 1000 MB
[2018.08.15-05.16.19:567][204]LogNet: Browse: /Game/SideScrollerBP/Maps/SideScrollerExampleMap
[2018.08.15-05.16.19:567][204]LogLoad: LoadMap: /Game/SideScrollerBP/Maps/SideScrollerExampleMap
[2018.08.15-05.16.21:227][204]LogAIModule: Creating AISystem for world SideScrollerExampleMap
[2018.08.15-05.16.21:227][204]LogLoad: Game class is 'MainGameMode_C'
[2018.08.15-05.16.21:229][204]LogWorld: Bringing World /Game/SideScrollerBP/Maps/SideScrollerExampleMap.SideScrollerExampleMap up for play (max tick rate 0) at 2018.08.15-02.16.21
[2018.08.15-05.16.21:229][204]LogWorld: Bringing up level for play took: 0.001285
[2018.08.15-05.16.21:231][204]LogUMG: Display: Widget Class GameHud_C - Loaded Fast Template.
[2018.08.15-05.16.21:272][204]LogLoad: Took 1.704790 seconds to LoadMap(/Game/SideScrollerBP/Maps/SideScrollerExampleMap)
[2018.08.15-05.16.21:309][204]LogSlate: Took 0.035280 seconds to synchronously load lazily loaded font '../../../Engine/Content/EngineFonts/Faces/RobotoBold.ufont' (160K)
[2018.08.15-05.16.26:289][510]LogUMG: Display: Widget Class DeadScreen_C - Loaded Fast Template.
[2018.08.15-05.16.28:288][634]LogNet: Browse: /Game/SideScrollerBP/Maps/MainMenuLevel
[2018.08.15-05.16.28:289][634]LogLoad: LoadMap: /Game/SideScrollerBP/Maps/MainMenuLevel
[2018.08.15-05.16.28:810][634]LogAIModule: Creating AISystem for world MainMenuLevel
[2018.08.15-05.16.28:811][634]LogLoad: Game class is 'MainGameMode_C'
[2018.08.15-05.16.28:812][634]LogWorld: Bringing World /Game/SideScrollerBP/Maps/MainMenuLevel.MainMenuLevel up for play (max tick rate 0) at 2018.08.15-02.16.28
[2018.08.15-05.16.28:812][634]LogWorld: Bringing up level for play took: 0.000342
[2018.08.15-05.16.28:812][634]LogGameMode: FindPlayerStart: PATHS NOT DEFINED or NO PLAYERSTART with positive rating
[2018.08.15-05.16.28:813][634]LogUMG: Display: Widget Class MainMenu_C - Loaded Fast Template.
[2018.08.15-05.16.28:814][634]LogLoad: Took 0.525786 seconds to LoadMap(/Game/SideScrollerBP/Maps/MainMenuLevel)
[2018.08.15-05.16.30:638][748]LogNet: Browse: /Game/SideScrollerBP/Maps/SideScrollerExampleMap
[2018.08.15-05.16.30:639][748]LogLoad: LoadMap: /Game/SideScrollerBP/Maps/SideScrollerExampleMap
[2018.08.15-05.16.31:792][748]LogAIModule: Creating AISystem for world SideScrollerExampleMap
[2018.08.15-05.16.31:793][748]LogLoad: Game class is 'MainGameMode_C'
[2018.08.15-05.16.31:794][748]LogWorld: Bringing World /Game/SideScrollerBP/Maps/SideScrollerExampleMap.SideScrollerExampleMap up for play (max tick rate 0) at 2018.08.15-02.16.31
[2018.08.15-05.16.31:795][748]LogWorld: Bringing up level for play took: 0.001143
[2018.08.15-05.16.31:796][748]LogUMG: Display: Widget Class GameHud_C - Loaded Fast Template.
[2018.08.15-05.16.31:798][748]LogLoad: Took 1.158748 seconds to LoadMap(/Game/SideScrollerBP/Maps/SideScrollerExampleMap)
[2018.08.15-05.16.36:152][ 15]LogUMG: Display: Widget Class DeadScreen_C - Loaded Fast Template.
[2018.08.15-05.16.38:152][139]LogNet: Browse: /Game/SideScrollerBP/Maps/MainMenuLevel
[2018.08.15-05.16.38:152][139]LogLoad: LoadMap: /Game/SideScrollerBP/Maps/MainMenuLevel
[2018.08.15-05.16.38:682][139]LogAIModule: Creating AISystem for world MainMenuLevel
[2018.08.15-05.16.38:682][139]LogLoad: Game class is 'MainGameMode_C'
[2018.08.15-05.16.38:683][139]LogWorld: Bringing World /Game/SideScrollerBP/Maps/MainMenuLevel.MainMenuLevel up for play (max tick rate 0) at 2018.08.15-02.16.38
[2018.08.15-05.16.38:683][139]LogWorld: Bringing up level for play took: 0.000359
[2018.08.15-05.16.38:684][139]LogGameMode: FindPlayerStart: PATHS NOT DEFINED or NO PLAYERSTART with positive rating
[2018.08.15-05.16.38:684][139]LogUMG: Display: Widget Class MainMenu_C - Loaded Fast Template.
[2018.08.15-05.16.38:685][139]LogLoad: Took 0.533475 seconds to LoadMap(/Game/SideScrollerBP/Maps/MainMenuLevel)
[2018.08.15-05.16.40:671][263]LogNet: Browse: /Game/SideScrollerBP/Maps/SideScrollerExampleMap
[2018.08.15-05.16.40:671][263]LogLoad: LoadMap: /Game/SideScrollerBP/Maps/SideScrollerExampleMap
[2018.08.15-05.16.41:734][263]LogAIModule: Creating AISystem for world SideScrollerExampleMap
[2018.08.15-05.16.41:734][263]LogLoad: Game class is 'MainGameMode_C'
[2018.08.15-05.16.41:736][263]LogWorld: Bringing World /Game/SideScrollerBP/Maps/SideScrollerExampleMap.SideScrollerExampleMap up for play (max tick rate 0) at 2018.08.15-02.16.41
[2018.08.15-05.16.41:736][263]LogWorld: Bringing up level for play took: 0.001001
[2018.08.15-05.16.41:737][263]LogUMG: Display: Widget Class GameHud_C - Loaded Fast Template.
[2018.08.15-05.16.41:739][263]LogLoad: Took 1.067216 seconds to LoadMap(/Game/SideScrollerBP/Maps/SideScrollerExampleMap)
[2018.08.15-05.16.43:697][382]LogUMG: Display: Widget Class DeadScreen_C - Loaded Fast Template.
[2018.08.15-05.16.45:697][506]LogNet: Browse: /Game/SideScrollerBP/Maps/MainMenuLevel
[2018.08.15-05.16.45:697][506]LogLoad: LoadMap: /Game/SideScrollerBP/Maps/MainMenuLevel
[2018.08.15-05.16.46:239][506]LogAIModule: Creating AISystem for world MainMenuLevel
[2018.08.15-05.16.46:239][506]LogLoad: Game class is 'MainGameMode_C'
[2018.08.15-05.16.46:240][506]LogWorld: Bringing World /Game/SideScrollerBP/Maps/MainMenuLevel.MainMenuLevel up for play (max tick rate 0) at 2018.08.15-02.16.46
[2018.08.15-05.16.46:240][506]LogWorld: Bringing up level for play took: 0.000414
[2018.08.15-05.16.46:241][506]LogGameMode: FindPlayerStart: PATHS NOT DEFINED or NO PLAYERSTART with positive rating
[2018.08.15-05.16.46:241][506]LogUMG: Display: Widget Class MainMenu_C - Loaded Fast Template.
[2018.08.15-05.16.46:242][506]LogLoad: Took 0.545057 seconds to LoadMap(/Game/SideScrollerBP/Maps/MainMenuLevel)
[2018.08.15-05.16.47:696][597]LogNet: Browse: /Game/SideScrollerBP/Maps/SideScrollerExampleMap
[2018.08.15-05.16.47:697][597]LogLoad: LoadMap: /Game/SideScrollerBP/Maps/SideScrollerExampleMap
[2018.08.15-05.16.48:817][597]LogAIModule: Creating AISystem for world SideScrollerExampleMap
[2018.08.15-05.16.48:817][597]LogLoad: Game class is 'MainGameMode_C'
[2018.08.15-05.16.48:818][597]LogWorld: Bringing World /Game/SideScrollerBP/Maps/SideScrollerExampleMap.SideScrollerExampleMap up for play (max tick rate 0) at 2018.08.15-02.16.48
[2018.08.15-05.16.48:820][597]LogWorld: Bringing up level for play took: 0.000870
[2018.08.15-05.16.48:820][597]LogUMG: Display: Widget Class GameHud_C - Loaded Fast Template.
[2018.08.15-05.16.48:821][597]LogLoad: Took 1.125676 seconds to LoadMap(/Game/SideScrollerBP/Maps/SideScrollerExampleMap)
[2018.08.15-05.16.54:374][939]LogUMG: Display: Widget Class DeadScreen_C - Loaded Fast Template.
[2018.08.15-05.16.56:374][ 63]LogNet: Browse: /Game/SideScrollerBP/Maps/MainMenuLevel
[2018.08.15-05.16.56:374][ 63]LogLoad: LoadMap: /Game/SideScrollerBP/Maps/MainMenuLevel
[2018.08.15-05.16.56:900][ 63]LogAIModule: Creating AISystem for world MainMenuLevel
[2018.08.15-05.16.56:900][ 63]LogLoad: Game class is 'MainGameMode_C'
[2018.08.15-05.16.56:902][ 63]LogWorld: Bringing World /Game/SideScrollerBP/Maps/MainMenuLevel.MainMenuLevel up for play (max tick rate 0) at 2018.08.15-02.16.56
[2018.08.15-05.16.56:902][ 63]LogWorld: Bringing up level for play took: 0.000393
[2018.08.15-05.16.56:902][ 63]LogGameMode: FindPlayerStart: PATHS NOT DEFINED or NO PLAYERSTART with positive rating
[2018.08.15-05.16.56:903][ 63]LogUMG: Display: Widget Class MainMenu_C - Loaded Fast Template.
[2018.08.15-05.16.56:903][ 63]LogLoad: Took 0.528798 seconds to LoadMap(/Game/SideScrollerBP/Maps/MainMenuLevel)
[2018.08.15-05.17.00:792][305]LogNet: Browse: /Game/SideScrollerBP/Maps/SideScrollerExampleMap
[2018.08.15-05.17.00:792][305]LogLoad: LoadMap: /Game/SideScrollerBP/Maps/SideScrollerExampleMap
[2018.08.15-05.17.01:967][305]LogAIModule: Creating AISystem for world SideScrollerExampleMap
[2018.08.15-05.17.01:968][305]LogLoad: Game class is 'MainGameMode_C'
[2018.08.15-05.17.01:969][305]LogWorld: Bringing World /Game/SideScrollerBP/Maps/SideScrollerExampleMap.SideScrollerExampleMap up for play (max tick rate 0) at 2018.08.15-02.17.01
[2018.08.15-05.17.01:969][305]LogWorld: Bringing up level for play took: 0.000973
[2018.08.15-05.17.01:970][305]LogUMG: Display: Widget Class GameHud_C - Loaded Fast Template.
[2018.08.15-05.17.01:972][305]LogLoad: Took 1.179407 seconds to LoadMap(/Game/SideScrollerBP/Maps/SideScrollerExampleMap)
[2018.08.15-05.17.04:918][485]LogUMG: Display: Widget Class DeadScreen_C - Loaded Fast Template.
[2018.08.15-05.17.06:917][609]LogNet: Browse: /Game/SideScrollerBP/Maps/MainMenuLevel
[2018.08.15-05.17.06:917][609]LogLoad: LoadMap: /Game/SideScrollerBP/Maps/MainMenuLevel
[2018.08.15-05.17.07:474][609]LogAIModule: Creating AISystem for world MainMenuLevel
[2018.08.15-05.17.07:474][609]LogLoad: Game class is 'MainGameMode_C'
[2018.08.15-05.17.07:475][609]LogWorld: Bringing World /Game/SideScrollerBP/Maps/MainMenuLevel.MainMenuLevel up for play (max tick rate 0) at 2018.08.15-02.17.07
[2018.08.15-05.17.07:475][609]LogWorld: Bringing up level for play took: 0.000369
[2018.08.15-05.17.07:475][609]LogGameMode: FindPlayerStart: PATHS NOT DEFINED or NO PLAYERSTART with positive rating
[2018.08.15-05.17.07:476][609]LogUMG: Display: Widget Class MainMenu_C - Loaded Fast Template.
[2018.08.15-05.17.07:476][609]LogLoad: Took 0.558612 seconds to LoadMap(/Game/SideScrollerBP/Maps/MainMenuLevel)
[2018.08.15-05.17.08:559][677]LogNet: Browse: /Game/SideScrollerBP/Maps/SideScrollerExampleMap
[2018.08.15-05.17.08:559][677]LogLoad: LoadMap: /Game/SideScrollerBP/Maps/SideScrollerExampleMap
[2018.08.15-05.17.09:709][677]LogAIModule: Creating AISystem for world SideScrollerExampleMap
[2018.08.15-05.17.09:710][677]LogLoad: Game class is 'MainGameMode_C'
[2018.08.15-05.17.09:711][677]LogWorld: Bringing World /Game/SideScrollerBP/Maps/SideScrollerExampleMap.SideScrollerExampleMap up for play (max tick rate 0) at 2018.08.15-02.17.09
[2018.08.15-05.17.09:711][677]LogWorld: Bringing up level for play took: 0.000783
[2018.08.15-05.17.09:712][677]LogUMG: Display: Widget Class GameHud_C - Loaded Fast Template.
[2018.08.15-05.17.09:714][677]LogLoad: Took 1.154763 seconds to LoadMap(/Game/SideScrollerBP/Maps/SideScrollerExampleMap)
[2018.08.15-05.17.12:942][875]LogUMG: Display: Widget Class DeadScreen_C - Loaded Fast Template.
[2018.08.15-05.17.14:474][970]LogSlate: Request Window 'NaveProj2 (64-bit, PCD3D_SM5)' being destroyed
[2018.08.15-05.17.14:505][970]LogSlate: Window 'NaveProj2 (64-bit, PCD3D_SM5)' being destroyed
[2018.08.15-05.17.14:506][970]LogWindowsTextInputMethodSystem: Display: IME system now deactivated.
[2018.08.15-05.17.14:511][970]LogEngine: All Windows Closed
[2018.08.15-05.17.14:511][970]LogWindows: FPlatformMisc::RequestExit(0)
[2018.08.15-05.17.15:356][971]LogExit: Preparing to exit.
[2018.08.15-05.17.15:356][971]LogMoviePlayer: Shutting down movie player
[2018.08.15-05.17.15:376][971]LogExit: Game engine shut down
[2018.08.15-05.17.15:427][971]LogExit: Object subsystem successfully closed.
[2018.08.15-05.17.15:481][971]LogD3D11RHI: Shutdown
[2018.08.15-05.17.15:481][971]LogD3D11RHI: CleanupD3DDevice
[2018.08.15-05.17.15:523][971]LogD3D11RHI: ~FD3D11DynamicRHI
[2018.08.15-05.17.15:524][971]LogModuleManager: Shutting down and abandoning module AutomationController (168)
[2018.08.15-05.17.15:524][971]LogModuleManager: Shutting down and abandoning module AutomationWorker (166)
[2018.08.15-05.17.15:524][971]LogModuleManager: Shutting down and abandoning module AIModule (164)
[2018.08.15-05.17.15:524][971]LogModuleManager: Shutting down and abandoning module GameplayDebugger (163)
[2018.08.15-05.17.15:524][971]LogModuleManager: Shutting down and abandoning module WmfMediaFactory (160)
[2018.08.15-05.17.15:524][971]LogModuleManager: Shutting down and abandoning module OpenExrWrapper (158)
[2018.08.15-05.17.15:524][971]LogModuleManager: Shutting down and abandoning module ImgMediaFactory (156)
[2018.08.15-05.17.15:524][971]LogModuleManager: Shutting down and abandoning module AvfMediaFactory (154)
[2018.08.15-05.17.15:524][971]LogModuleManager: Shutting down and abandoning module CharacterAI (152)
[2018.08.15-05.17.15:524][971]LogModuleManager: Shutting down and abandoning module SessionServices (150)
[2018.08.15-05.17.15:524][971]LogModuleManager: Shutting down and abandoning module MovieSceneTracks (148)
[2018.08.15-05.17.15:524][971]LogModuleManager: Shutting down and abandoning module MovieScene (146)
[2018.08.15-05.17.15:524][971]LogModuleManager: Shutting down and abandoning module GeometryCache (144)
[2018.08.15-05.17.15:524][971]LogModuleManager: Shutting down and abandoning module StreamingPauseRendering (142)
[2018.08.15-05.17.15:524][971]LogModuleManager: Shutting down and abandoning module AnalyticsET (140)
[2018.08.15-05.17.15:524][971]LogModuleManager: Shutting down and abandoning module ProfilerService (138)
[2018.08.15-05.17.15:556][971]LogModuleManager: Shutting down and abandoning module TaskGraph (136)
[2018.08.15-05.17.15:556][971]LogModuleManager: Shutting down and abandoning module SteamVRController (134)
[2018.08.15-05.17.15:556][971]LogModuleManager: Shutting down and abandoning module ProceduralMeshComponent (132)
[2018.08.15-05.17.15:556][971]LogModuleManager: Shutting down and abandoning module OculusInput (130)
[2018.08.15-05.17.15:556][971]LogModuleManager: Shutting down and abandoning module MobilePatchingUtils (128)
[2018.08.15-05.17.15:556][971]LogModuleManager: Shutting down and abandoning module CustomMeshComponent (126)
[2018.08.15-05.17.15:556][971]LogModuleManager: Shutting down and abandoning module CableComponent (124)
[2018.08.15-05.17.15:556][971]LogModuleManager: Shutting down and abandoning module ArchVisCharacter (122)
[2018.08.15-05.17.15:556][971]LogModuleManager: Shutting down and abandoning module AndroidPermission (120)
[2018.08.15-05.17.15:556][971]LogModuleManager: Shutting down and abandoning module ActorSequence (116)
[2018.08.15-05.17.15:556][971]LogModuleManager: Shutting down and abandoning module MediaCompositing (114)
[2018.08.15-05.17.15:556][971]LogModuleManager: Shutting down and abandoning module HTML5Networking (112)
[2018.08.15-05.17.15:556][971]LogModuleManager: Shutting down and abandoning module RuntimePhysXCooking (110)
[2018.08.15-05.17.15:556][971]LogModuleManager: Shutting down and abandoning module PhysXVehicles (108)
[2018.08.15-05.17.15:556][971]LogModuleManager: Shutting down and abandoning module LocationServicesBPLibrary (106)
[2018.08.15-05.17.15:556][971]LogModuleManager: Shutting down and abandoning module ImmediatePhysics (104)
[2018.08.15-05.17.15:556][971]LogModuleManager: Shutting down and abandoning module UdpMessaging (102)
[2018.08.15-05.17.15:556][971]LogModuleManager: Shutting down and abandoning module TcpMessaging (100)
[2018.08.15-05.17.15:556][971]LogModuleManager: Shutting down and abandoning module FacialAnimation (98)
[2018.08.15-05.17.15:556][971]LogModuleManager: Shutting down and abandoning module LightPropagationVolumeRuntime (96)
[2018.08.15-05.17.15:556][971]LogModuleManager: Shutting down and abandoning module Paper2D (94)
[2018.08.15-05.17.15:556][971]LogModuleManager: Shutting down and abandoning module WindowsMoviePlayer (92)
[2018.08.15-05.17.15:556][971]LogModuleManager: Shutting down and abandoning module WmfMedia (90)
[2018.08.15-05.17.15:573][971]LogModuleManager: Shutting down and abandoning module ImgMedia (88)
[2018.08.15-05.17.15:574][971]LogModuleManager: Shutting down and abandoning module PacketHandler (86)
[2018.08.15-05.17.15:574][971]LogModuleManager: Shutting down and abandoning module ClothingSystemRuntime (84)
[2018.08.15-05.17.15:574][971]LogModuleManager: Shutting down and abandoning module MediaAssets (82)
[2018.08.15-05.17.15:574][971]LogModuleManager: Shutting down and abandoning module Overlay (80)
[2018.08.15-05.17.15:574][971]LogModuleManager: Shutting down and abandoning module UMG (78)
[2018.08.15-05.17.15:574][971]LogModuleManager: Shutting down and abandoning module SlateReflector (76)
[2018.08.15-05.17.15:574][971]LogModuleManager: Shutting down and abandoning module Slate (74)
[2018.08.15-05.17.15:574][971]LogModuleManager: Shutting down and abandoning module MRMesh (72)
[2018.08.15-05.17.15:574][971]LogModuleManager: Shutting down and abandoning module Messaging (70)
[2018.08.15-05.17.15:574][971]LogModuleManager: Shutting down and abandoning module HeadMountedDisplay (68)
[2018.08.15-05.17.15:574][971]LogModuleManager: Shutting down and abandoning module XAudio2 (66)
[2018.08.15-05.17.15:574][971]LogModuleManager: Shutting down and abandoning module Networking (64)
[2018.08.15-05.17.15:574][971]LogModuleManager: Shutting down and abandoning module Core (60)
[2018.08.15-05.17.15:574][971]LogModuleManager: Shutting down and abandoning module LevelSequence (58)
[2018.08.15-05.17.15:574][971]LogModuleManager: Shutting down and abandoning module Media (56)
[2018.08.15-05.17.15:580][971]LogModuleManager: Shutting down and abandoning module ImageWrapper (52)
[2018.08.15-05.17.15:580][971]LogModuleManager: Shutting down and abandoning module InputCore (50)
[2018.08.15-05.17.15:580][971]LogModuleManager: Shutting down and abandoning module PhysXCooking (48)
[2018.08.15-05.17.15:581][971]LogModuleManager: Shutting down and abandoning module SteamVR (46)
[2018.08.15-05.17.15:581][971]LogModuleManager: Shutting down and abandoning module OculusHMD (44)
[2018.08.15-05.17.15:581][971]LogModuleManager: Shutting down and abandoning module ExampleDeviceProfileSelector (42)
[2018.08.15-05.17.15:581][971]LogModuleManager: Shutting down and abandoning module AppleARKit (40)
[2018.08.15-05.17.15:581][971]LogModuleManager: Shutting down and abandoning module AugmentedReality (39)
[2018.08.15-05.17.15:581][971]LogModuleManager: Shutting down and abandoning module OnlineSubsystem (34)
[2018.08.15-05.17.15:581][971]LogModuleManager: Shutting down and abandoning module HTTP (33)
[2018.08.15-05.17.15:581][971]LogHttp: Display: Http module shutting down, but needs to wait on 1 outstanding Http requests:
[2018.08.15-05.17.15:581][971]LogHttp: Display: 	verb=[POST] url=[https://datarouter.ol.epicgames.com/datarouter/api/v1/public/data?SessionID=%7BAAB2BCF9-4538-B932-C13C-E5968D9498C8%7D&AppID=UEGame.Rocket.Release%7CB71278CC4C877212C0C163981E414F87%7CSide%20Scroller%20BP%20Game%20Template&AppVersion=4.18.1-3754814%2B%2B%2BUE4%2BRelease-4.18&UserID=ANON-%7B01CF8554-4E4F-6D43-7300-2BA6FAD8884E%7D%7C%7C&AppEnvironment=datacollector-binary&UploadType=eteventstream] status=Processing
[2018.08.15-05.17.15:581][971]LogHttp: Display: Sleeping 0.5s to wait for 1 outstanding Http requests.
[2018.08.15-05.17.16:082][971]LogHttp: Display: Sleeping 0.5s to wait for 1 outstanding Http requests.
[2018.08.15-05.17.16:598][971]LogModuleManager: Shutting down and abandoning module SSL (32)
[2018.08.15-05.17.16:598][971]LogModuleManager: Shutting down and abandoning module ShaderCore (28)
[2018.08.15-05.17.16:598][971]LogModuleManager: Shutting down and abandoning module Landscape (26)
[2018.08.15-05.17.16:598][971]LogModuleManager: Shutting down and abandoning module SlateRHIRenderer (24)
[2018.08.15-05.17.16:599][971]LogModuleManager: Shutting down and abandoning module OpenGLDrv (22)
[2018.08.15-05.17.16:599][971]LogModuleManager: Shutting down and abandoning module D3D11RHI (20)
[2018.08.15-05.17.16:599][971]LogModuleManager: Shutting down and abandoning module AnimGraphRuntime (18)
[2018.08.15-05.17.16:599][971]LogModuleManager: Shutting down and abandoning module Renderer (16)
[2018.08.15-05.17.16:599][971]LogModuleManager: Shutting down and abandoning module Engine (14)
[2018.08.15-05.17.16:599][971]LogModuleManager: Shutting down and abandoning module CoreUObject (12)
[2018.08.15-05.17.16:599][971]LogModuleManager: Shutting down and abandoning module NetworkFile (10)
[2018.08.15-05.17.16:599][971]LogModuleManager: Shutting down and abandoning module CookedIterativeFile (8)
[2018.08.15-05.17.16:599][971]LogModuleManager: Shutting down and abandoning module StreamingFile (6)
[2018.08.15-05.17.16:599][971]LogModuleManager: Shutting down and abandoning module SandboxFile (4)
[2018.08.15-05.17.16:599][971]LogModuleManager: Shutting down and abandoning module PakFile (2)
[2018.08.15-05.17.16:600][971]LogExit: Exiting.
[2018.08.15-05.17.16:601][971]Log file closed, 08/15/18 02:17:16
